# JRE version: OpenJDK Runtime Environment (17.0.7) (build 17.0.7+0-b2043.56-10550314)
# Java VM: OpenJDK 64-Bit Server VM (17.0.7+0-b2043.56-10550314, mixed mode, tiered, compressed oops, compressed class ptrs, g1 gc, windows-amd64)
GC Precious Log:
 CPUs: 8 total, 8 available
 Memory: 7995M
 Large Page Support: Disabled
 NUMA Support: Disabled
 Compressed Oops: Enabled (32-bit)
 Heap Region Size: 1M
 Heap Min Capacity: 8M
 Heap Initial Capacity: 126M
 Heap Max Capacity: 2G
 Pre-touch: Disabled
 Parallel Workers: 8
 Concurrent Workers: 2
 Concurrent Refinement Workers: 8
 Periodic GC: Disabled
Heap:
 garbage-first heap   total 348160K, used 185915K [0x0000000080000000, 0x0000000100000000)
  region size 1024K, 4 young (4096K), 4 survivors (4096K)
 Metaspace       used 133379K, committed 134336K, reserved 1179648K
  class space    used 18599K, committed 19072K, reserved 1048576K
GC Heap History (20 events):
Event: 81.938 GC heap after
{Heap after GC invocations=57 (full 0):
 garbage-first heap   total 217088K, used 146128K [0x0000000080000000, 0x0000000100000000)
  region size 1024K, 3 young (3072K), 3 survivors (3072K)
 Metaspace       used 117846K, committed 118720K, reserved 1179648K
  class space    used 15944K, committed 16384K, reserved 1048576K
}
Event: 82.328 GC heap before
{Heap before GC invocations=57 (full 0):
 garbage-first heap   total 217088K, used 184016K [0x0000000080000000, 0x0000000100000000)
  region size 1024K, 41 young (41984K), 3 survivors (3072K)
 Metaspace       used 121193K, committed 122112K, reserved 1179648K
  class space    used 16501K, committed 16960K, reserved 1048576K
}
Event: 82.337 GC heap after
{Heap after GC invocations=58 (full 0):
 garbage-first heap   total 217088K, used 152754K [0x0000000080000000, 0x0000000100000000)
  region size 1024K, 6 young (6144K), 6 survivors (6144K)
 Metaspace       used 121193K, committed 122112K, reserved 1179648K
  class space    used 16501K, committed 16960K, reserved 1048576K
}
Event: 82.590 GC heap before
{Heap before GC invocations=58 (full 0):
 garbage-first heap   total 217088K, used 181426K [0x0000000080000000, 0x0000000100000000)
  region size 1024K, 35 young (35840K), 6 survivors (6144K)
 Metaspace       used 124884K, committed 125824K, reserved 1179648K
  class space    used 17182K, committed 17664K, reserved 1048576K
}
Event: 82.598 GC heap after
{Heap after GC invocations=59 (full 0):
 garbage-first heap   total 217088K, used 154780K [0x0000000080000000, 0x0000000100000000)
  region size 1024K, 2 young (2048K), 2 survivors (2048K)
 Metaspace       used 124884K, committed 125824K, reserved 1179648K
  class space    used 17182K, committed 17664K, reserved 1048576K
}
Event: 82.863 GC heap before
{Heap before GC invocations=59 (full 0):
 garbage-first heap   total 217088K, used 183452K [0x0000000080000000, 0x0000000100000000)
  region size 1024K, 31 young (31744K), 2 survivors (2048K)
 Metaspace       used 128390K, committed 129280K, reserved 1179648K
  class space    used 17811K, committed 18240K, reserved 1048576K
}
Event: 82.867 GC heap after
{Heap after GC invocations=60 (full 0):
 garbage-first heap   total 217088K, used 156372K [0x0000000080000000, 0x0000000100000000)
  region size 1024K, 4 young (4096K), 4 survivors (4096K)
 Metaspace       used 128390K, committed 129280K, reserved 1179648K
  class space    used 17811K, committed 18240K, reserved 1048576K
}
Event: 83.041 GC heap before
{Heap before GC invocations=60 (full 0):
 garbage-first heap   total 217088K, used 182996K [0x0000000080000000, 0x0000000100000000)
  region size 1024K, 31 young (31744K), 4 survivors (4096K)
 Metaspace       used 130060K, committed 131008K, reserved 1179648K
  class space    used 18073K, committed 18560K, reserved 1048576K
}
Event: 83.047 GC heap after
{Heap after GC invocations=61 (full 0):
 garbage-first heap   total 261120K, used 157479K [0x0000000080000000, 0x0000000100000000)
  region size 1024K, 4 young (4096K), 4 survivors (4096K)
 Metaspace       used 130060K, committed 131008K, reserved 1179648K
  class space    used 18073K, committed 18560K, reserved 1048576K
}
Event: 83.975 GC heap before
{Heap before GC invocations=61 (full 0):
 garbage-first heap   total 261120K, used 232231K [0x0000000080000000, 0x0000000100000000)
  region size 1024K, 65 young (66560K), 4 survivors (4096K)
 Metaspace       used 133370K, committed 134272K, reserved 1179648K
  class space    used 18611K, committed 19072K, reserved 1048576K
}
Event: 83.979 GC heap after
{Heap after GC invocations=62 (full 0):
 garbage-first heap   total 261120K, used 171278K [0x0000000080000000, 0x0000000100000000)
  region size 1024K, 4 young (4096K), 4 survivors (4096K)
 Metaspace       used 133370K, committed 134272K, reserved 1179648K
  class space    used 18611K, committed 19072K, reserved 1048576K
}
Event: 83.981 GC heap before
{Heap before GC invocations=62 (full 0):
 garbage-first heap   total 261120K, used 179470K [0x0000000080000000, 0x0000000100000000)
  region size 1024K, 5 young (5120K), 4 survivors (4096K)
 Metaspace       used 133371K, committed 134272K, reserved 1179648K
  class space    used 18611K, committed 19072K, reserved 1048576K
}
Event: 83.985 GC heap after
{Heap after GC invocations=63 (full 0):
 garbage-first heap   total 261120K, used 179176K [0x0000000080000000, 0x0000000100000000)
  region size 1024K, 4 young (4096K), 4 survivors (4096K)
 Metaspace       used 133371K, committed 134272K, reserved 1179648K
  class space    used 18611K, committed 19072K, reserved 1048576K
}
Event: 83.986 GC heap before
{Heap before GC invocations=63 (full 0):
 garbage-first heap   total 261120K, used 188392K [0x0000000080000000, 0x0000000100000000)
  region size 1024K, 4 young (4096K), 4 survivors (4096K)
 Metaspace       used 133371K, committed 134272K, reserved 1179648K
  class space    used 18611K, committed 19072K, reserved 1048576K
}
Event: 83.990 GC heap after
{Heap after GC invocations=64 (full 0):
 garbage-first heap   total 261120K, used 188356K [0x0000000080000000, 0x0000000100000000)
  region size 1024K, 4 young (4096K), 4 survivors (4096K)
 Metaspace       used 133371K, committed 134272K, reserved 1179648K
  class space    used 18611K, committed 19072K, reserved 1048576K
}
Event: 84.373 GC heap before
{Heap before GC invocations=65 (full 0):
 garbage-first heap   total 348160K, used 225220K [0x0000000080000000, 0x0000000100000000)
  region size 1024K, 34 young (34816K), 4 survivors (4096K)
 Metaspace       used 133379K, committed 134336K, reserved 1179648K
  class space    used 18599K, committed 19072K, reserved 1048576K
}
Event: 84.387 GC heap after
{Heap after GC invocations=66 (full 0):
 garbage-first heap   total 348160K, used 184506K [0x0000000080000000, 0x0000000100000000)
  region size 1024K, 5 young (5120K), 5 survivors (5120K)
 Metaspace       used 133379K, committed 134336K, reserved 1179648K
  class space    used 18599K, committed 19072K, reserved 1048576K
}
Event: 84.451 GC heap before
{Heap before GC invocations=66 (full 0):
 garbage-first heap   total 348160K, used 195770K [0x0000000080000000, 0x0000000100000000)
  region size 1024K, 17 young (17408K), 5 survivors (5120K)
 Metaspace       used 133379K, committed 134336K, reserved 1179648K
  class space    used 18599K, committed 19072K, reserved 1048576K
}
Event: 84.462 GC heap after
{Heap after GC invocations=67 (full 0):
 garbage-first heap   total 348160K, used 185730K [0x0000000080000000, 0x0000000100000000)
  region size 1024K, 3 young (3072K), 3 survivors (3072K)
 Metaspace       used 133379K, committed 134336K, reserved 1179648K
  class space    used 18599K, committed 19072K, reserved 1048576K
}
Event: 84.463 GC heap before
{Heap before GC invocations=67 (full 0):
 garbage-first heap   total 348160K, used 185730K [0x0000000080000000, 0x0000000100000000)
  region size 1024K, 4 young (4096K), 3 survivors (3072K)
 Metaspace       used 133379K, committed 134336K, reserved 1179648K
  class space    used 18599K, committed 19072K, reserved 1048576K
}

