# JRE version: OpenJDK Runtime Environment (17.0.7) (build 17.0.7+0-b2043.56-10550314)
# Java VM: OpenJDK 64-Bit Server VM (17.0.7+0-b2043.56-10550314, mixed mode, tiered, compressed oops, compressed class ptrs, g1 gc, windows-amd64)
GC Precious Log:
 CPUs: 8 total, 8 available
 Memory: 7995M
 Large Page Support: Disabled
 NUMA Support: Disabled
 Compressed Oops: Enabled (32-bit)
 Heap Region Size: 1M
 Heap Min Capacity: 8M
 Heap Initial Capacity: 126M
 Heap Max Capacity: 2G
 Pre-touch: Disabled
 Parallel Workers: 8
 Concurrent Workers: 2
 Concurrent Refinement Workers: 8
 Periodic GC: Disabled
Heap:
 garbage-first heap   total 285696K, used 215983K [0x0000000080000000, 0x0000000100000000)
  region size 1024K, 5 young (5120K), 5 survivors (5120K)
 Metaspace       used 113235K, committed 113984K, reserved 1179648K
  class space    used 15669K, committed 16064K, reserved 1048576K
GC Heap History (20 events):
Event: 23.297 GC heap after
{Heap after GC invocations=56 (full 0):
 garbage-first heap   total 145408K, used 86812K [0x0000000080000000, 0x0000000100000000)
  region size 1024K, 2 young (2048K), 2 survivors (2048K)
 Metaspace       used 92713K, committed 93376K, reserved 1179648K
  class space    used 12810K, committed 13120K, reserved 1048576K
}
Event: 24.113 GC heap before
{Heap before GC invocations=57 (full 0):
 garbage-first heap   total 153600K, used 121628K [0x0000000080000000, 0x0000000100000000)
  region size 1024K, 36 young (36864K), 2 survivors (2048K)
 Metaspace       used 95968K, committed 96576K, reserved 1179648K
  class space    used 13213K, committed 13504K, reserved 1048576K
}
Event: 24.118 GC heap after
{Heap after GC invocations=58 (full 0):
 garbage-first heap   total 153600K, used 89244K [0x0000000080000000, 0x0000000100000000)
  region size 1024K, 5 young (5120K), 5 survivors (5120K)
 Metaspace       used 95968K, committed 96576K, reserved 1179648K
  class space    used 13213K, committed 13504K, reserved 1048576K
}
Event: 24.746 GC heap before
{Heap before GC invocations=58 (full 0):
 garbage-first heap   total 153600K, used 128156K [0x0000000080000000, 0x0000000100000000)
  region size 1024K, 43 young (44032K), 5 survivors (5120K)
 Metaspace       used 97264K, committed 97920K, reserved 1179648K
  class space    used 13395K, committed 13696K, reserved 1048576K
}
Event: 24.754 GC heap after
{Heap after GC invocations=59 (full 0):
 garbage-first heap   total 153600K, used 93618K [0x0000000080000000, 0x0000000100000000)
  region size 1024K, 6 young (6144K), 6 survivors (6144K)
 Metaspace       used 97264K, committed 97920K, reserved 1179648K
  class space    used 13395K, committed 13696K, reserved 1048576K
}
Event: 25.255 GC heap before
{Heap before GC invocations=59 (full 0):
 garbage-first heap   total 153600K, used 127410K [0x0000000080000000, 0x0000000100000000)
  region size 1024K, 40 young (40960K), 6 survivors (6144K)
 Metaspace       used 97712K, committed 98368K, reserved 1179648K
  class space    used 13421K, committed 13696K, reserved 1048576K
}
Event: 25.268 GC heap after
{Heap after GC invocations=60 (full 0):
 garbage-first heap   total 261120K, used 99165K [0x0000000080000000, 0x0000000100000000)
  region size 1024K, 5 young (5120K), 5 survivors (5120K)
 Metaspace       used 97712K, committed 98368K, reserved 1179648K
  class space    used 13421K, committed 13696K, reserved 1048576K
}
Event: 28.352 GC heap before
{Heap before GC invocations=60 (full 0):
 garbage-first heap   total 261120K, used 208733K [0x0000000080000000, 0x0000000100000000)
  region size 1024K, 108 young (110592K), 5 survivors (5120K)
 Metaspace       used 101327K, committed 102016K, reserved 1179648K
  class space    used 13841K, committed 14208K, reserved 1048576K
}
Event: 28.367 GC heap after
{Heap after GC invocations=61 (full 0):
 garbage-first heap   total 261120K, used 109435K [0x0000000080000000, 0x0000000100000000)
  region size 1024K, 14 young (14336K), 14 survivors (14336K)
 Metaspace       used 101327K, committed 102016K, reserved 1179648K
  class space    used 13841K, committed 14208K, reserved 1048576K
}
Event: 31.354 GC heap before
{Heap before GC invocations=61 (full 0):
 garbage-first heap   total 261120K, used 201595K [0x0000000080000000, 0x0000000100000000)
  region size 1024K, 105 young (107520K), 14 survivors (14336K)
 Metaspace       used 104974K, committed 105728K, reserved 1179648K
  class space    used 14299K, committed 14656K, reserved 1048576K
}
Event: 31.370 GC heap after
{Heap after GC invocations=62 (full 0):
 garbage-first heap   total 261120K, used 116886K [0x0000000080000000, 0x0000000100000000)
  region size 1024K, 8 young (8192K), 8 survivors (8192K)
 Metaspace       used 104974K, committed 105728K, reserved 1179648K
  class space    used 14299K, committed 14656K, reserved 1048576K
}
Event: 35.961 GC heap before
{Heap before GC invocations=62 (full 0):
 garbage-first heap   total 261120K, used 225430K [0x0000000080000000, 0x0000000100000000)
  region size 1024K, 86 young (88064K), 8 survivors (8192K)
 Metaspace       used 110169K, committed 111040K, reserved 1179648K
  class space    used 15051K, committed 15488K, reserved 1048576K
}
Event: 35.975 GC heap after
{Heap after GC invocations=63 (full 0):
 garbage-first heap   total 261120K, used 153351K [0x0000000080000000, 0x0000000100000000)
  region size 1024K, 6 young (6144K), 6 survivors (6144K)
 Metaspace       used 110169K, committed 111040K, reserved 1179648K
  class space    used 15051K, committed 15488K, reserved 1048576K
}
Event: 36.628 GC heap before
{Heap before GC invocations=64 (full 0):
 garbage-first heap   total 285696K, used 230151K [0x0000000080000000, 0x0000000100000000)
  region size 1024K, 68 young (69632K), 6 survivors (6144K)
 Metaspace       used 112034K, committed 112832K, reserved 1179648K
  class space    used 15529K, committed 15936K, reserved 1048576K
}
Event: 36.648 GC heap after
{Heap after GC invocations=65 (full 0):
 garbage-first heap   total 285696K, used 164223K [0x0000000080000000, 0x0000000100000000)
  region size 1024K, 9 young (9216K), 9 survivors (9216K)
 Metaspace       used 112034K, committed 112832K, reserved 1179648K
  class space    used 15529K, committed 15936K, reserved 1048576K
}
Event: 36.684 GC heap before
{Heap before GC invocations=65 (full 0):
 garbage-first heap   total 285696K, used 167295K [0x0000000080000000, 0x0000000100000000)
  region size 1024K, 13 young (13312K), 9 survivors (9216K)
 Metaspace       used 112687K, committed 113536K, reserved 1179648K
  class space    used 15623K, committed 16064K, reserved 1048576K
}
Event: 36.697 GC heap after
{Heap after GC invocations=66 (full 0):
 garbage-first heap   total 285696K, used 166107K [0x0000000080000000, 0x0000000100000000)
  region size 1024K, 2 young (2048K), 2 survivors (2048K)
 Metaspace       used 112687K, committed 113536K, reserved 1179648K
  class space    used 15623K, committed 16064K, reserved 1048576K
}
Event: 37.048 GC heap before
{Heap before GC invocations=66 (full 0):
 garbage-first heap   total 285696K, used 225499K [0x0000000080000000, 0x0000000100000000)
  region size 1024K, 61 young (62464K), 2 survivors (2048K)
 Metaspace       used 113228K, committed 113984K, reserved 1179648K
  class space    used 15669K, committed 16064K, reserved 1048576K
}
Event: 37.072 GC heap after
{Heap after GC invocations=67 (full 0):
 garbage-first heap   total 285696K, used 196256K [0x0000000080000000, 0x0000000100000000)
  region size 1024K, 8 young (8192K), 8 survivors (8192K)
 Metaspace       used 113228K, committed 113984K, reserved 1179648K
  class space    used 15669K, committed 16064K, reserved 1048576K
}
Event: 37.242 GC heap before
{Heap before GC invocations=67 (full 0):
 garbage-first heap   total 285696K, used 231072K [0x0000000080000000, 0x0000000100000000)
  region size 1024K, 40 young (40960K), 8 survivors (8192K)
 Metaspace       used 113235K, committed 113984K, reserved 1179648K
  class space    used 15669K, committed 16064K, reserved 1048576K
}

