# JRE version: OpenJDK Runtime Environment (17.0.7) (build 17.0.7+0-b2043.56-10550314)
# Java VM: OpenJDK 64-Bit Server VM (17.0.7+0-b2043.56-10550314, mixed mode, tiered, compressed oops, compressed class ptrs, g1 gc, windows-amd64)
GC Precious Log:
 CPUs: 8 total, 8 available
 Memory: 7995M
 Large Page Support: Disabled
 NUMA Support: Disabled
 Compressed Oops: Enabled (32-bit)
 Heap Region Size: 1M
 Heap Min Capacity: 8M
 Heap Initial Capacity: 126M
 Heap Max Capacity: 2G
 Pre-touch: Disabled
 Parallel Workers: 8
 Concurrent Workers: 2
 Concurrent Refinement Workers: 8
 Periodic GC: Disabled
Heap:
 garbage-first heap   total 309248K, used 224422K [0x0000000080000000, 0x0000000100000000)
  region size 1024K, 3 young (3072K), 3 survivors (3072K)
 Metaspace       used 122205K, committed 123072K, reserved 1179648K
  class space    used 16998K, committed 17408K, reserved 1048576K
GC Heap History (20 events):
Event: 43.576 GC heap after
{Heap after GC invocations=67 (full 0):
 garbage-first heap   total 178176K, used 116673K [0x0000000080000000, 0x0000000100000000)
  region size 1024K, 4 young (4096K), 4 survivors (4096K)
 Metaspace       used 104513K, committed 105280K, reserved 1179648K
  class space    used 14253K, committed 14656K, reserved 1048576K
}
Event: 43.833 GC heap before
{Heap before GC invocations=67 (full 0):
 garbage-first heap   total 178176K, used 147393K [0x0000000080000000, 0x0000000100000000)
  region size 1024K, 35 young (35840K), 4 survivors (4096K)
 Metaspace       used 105575K, committed 106368K, reserved 1179648K
  class space    used 14381K, committed 14784K, reserved 1048576K
}
Event: 43.838 GC heap after
{Heap after GC invocations=68 (full 0):
 garbage-first heap   total 178176K, used 118983K [0x0000000080000000, 0x0000000100000000)
  region size 1024K, 3 young (3072K), 3 survivors (3072K)
 Metaspace       used 105575K, committed 106368K, reserved 1179648K
  class space    used 14381K, committed 14784K, reserved 1048576K
}
Event: 46.390 GC heap before
{Heap before GC invocations=68 (full 0):
 garbage-first heap   total 178176K, used 148679K [0x0000000080000000, 0x0000000100000000)
  region size 1024K, 33 young (33792K), 3 survivors (3072K)
 Metaspace       used 106474K, committed 107200K, reserved 1179648K
  class space    used 14522K, committed 14912K, reserved 1048576K
}
Event: 46.395 GC heap after
{Heap after GC invocations=69 (full 0):
 garbage-first heap   total 214016K, used 120504K [0x0000000080000000, 0x0000000100000000)
  region size 1024K, 4 young (4096K), 4 survivors (4096K)
 Metaspace       used 106474K, committed 107200K, reserved 1179648K
  class space    used 14522K, committed 14912K, reserved 1048576K
}
Event: 48.580 GC heap before
{Heap before GC invocations=69 (full 0):
 garbage-first heap   total 214016K, used 177848K [0x0000000080000000, 0x0000000100000000)
  region size 1024K, 61 young (62464K), 4 survivors (4096K)
 Metaspace       used 113506K, committed 114368K, reserved 1179648K
  class space    used 15517K, committed 15936K, reserved 1048576K
}
Event: 48.586 GC heap after
{Heap after GC invocations=70 (full 0):
 garbage-first heap   total 214016K, used 122255K [0x0000000080000000, 0x0000000100000000)
  region size 1024K, 6 young (6144K), 6 survivors (6144K)
 Metaspace       used 113506K, committed 114368K, reserved 1179648K
  class space    used 15517K, committed 15936K, reserved 1048576K
}
Event: 50.003 GC heap before
{Heap before GC invocations=70 (full 0):
 garbage-first heap   total 214016K, used 167311K [0x0000000080000000, 0x0000000100000000)
  region size 1024K, 51 young (52224K), 6 survivors (6144K)
 Metaspace       used 120007K, committed 120832K, reserved 1179648K
  class space    used 16577K, committed 17024K, reserved 1048576K
}
Event: 50.011 GC heap after
{Heap after GC invocations=71 (full 0):
 garbage-first heap   total 214016K, used 123168K [0x0000000080000000, 0x0000000100000000)
  region size 1024K, 5 young (5120K), 5 survivors (5120K)
 Metaspace       used 120007K, committed 120832K, reserved 1179648K
  class space    used 16577K, committed 17024K, reserved 1048576K
}
Event: 50.216 GC heap before
{Heap before GC invocations=71 (full 0):
 garbage-first heap   total 214016K, used 137504K [0x0000000080000000, 0x0000000100000000)
  region size 1024K, 11 young (11264K), 5 survivors (5120K)
 Metaspace       used 120412K, committed 121216K, reserved 1179648K
  class space    used 16648K, committed 17088K, reserved 1048576K
}
Event: 50.223 GC heap after
{Heap after GC invocations=72 (full 0):
 garbage-first heap   total 214016K, used 134958K [0x0000000080000000, 0x0000000100000000)
  region size 1024K, 5 young (5120K), 5 survivors (5120K)
 Metaspace       used 120412K, committed 121216K, reserved 1179648K
  class space    used 16648K, committed 17088K, reserved 1048576K
}
Event: 50.521 GC heap before
{Heap before GC invocations=73 (full 0):
 garbage-first heap   total 309248K, used 207662K [0x0000000080000000, 0x0000000100000000)
  region size 1024K, 44 young (45056K), 5 survivors (5120K)
 Metaspace       used 120490K, committed 121408K, reserved 1179648K
  class space    used 16652K, committed 17088K, reserved 1048576K
}
Event: 50.536 GC heap after
{Heap after GC invocations=74 (full 0):
 garbage-first heap   total 309248K, used 161568K [0x0000000080000000, 0x0000000100000000)
  region size 1024K, 6 young (6144K), 6 survivors (6144K)
 Metaspace       used 120490K, committed 121408K, reserved 1179648K
  class space    used 16652K, committed 17088K, reserved 1048576K
}
Event: 50.577 GC heap before
{Heap before GC invocations=74 (full 0):
 garbage-first heap   total 309248K, used 171808K [0x0000000080000000, 0x0000000100000000)
  region size 1024K, 15 young (15360K), 6 survivors (6144K)
 Metaspace       used 120490K, committed 121408K, reserved 1179648K
  class space    used 16652K, committed 17088K, reserved 1048576K
}
Event: 50.589 GC heap after
{Heap after GC invocations=75 (full 0):
 garbage-first heap   total 309248K, used 166430K [0x0000000080000000, 0x0000000100000000)
  region size 1024K, 2 young (2048K), 2 survivors (2048K)
 Metaspace       used 120490K, committed 121408K, reserved 1179648K
  class space    used 16652K, committed 17088K, reserved 1048576K
}
Event: 51.086 GC heap before
{Heap before GC invocations=75 (full 0):
 garbage-first heap   total 309248K, used 228894K [0x0000000080000000, 0x0000000100000000)
  region size 1024K, 64 young (65536K), 2 survivors (2048K)
 Metaspace       used 121963K, committed 122816K, reserved 1179648K
  class space    used 16982K, committed 17408K, reserved 1048576K
}
Event: 51.121 GC heap after
{Heap after GC invocations=76 (full 0):
 garbage-first heap   total 309248K, used 194343K [0x0000000080000000, 0x0000000100000000)
  region size 1024K, 8 young (8192K), 8 survivors (8192K)
 Metaspace       used 121963K, committed 122816K, reserved 1179648K
  class space    used 16982K, committed 17408K, reserved 1048576K
}
Event: 51.415 GC heap before
{Heap before GC invocations=76 (full 0):
 garbage-first heap   total 309248K, used 239399K [0x0000000080000000, 0x0000000100000000)
  region size 1024K, 50 young (51200K), 8 survivors (8192K)
 Metaspace       used 121964K, committed 122816K, reserved 1179648K
  class space    used 16982K, committed 17408K, reserved 1048576K
}
Event: 51.447 GC heap after
{Heap after GC invocations=77 (full 0):
 garbage-first heap   total 309248K, used 219579K [0x0000000080000000, 0x0000000100000000)
  region size 1024K, 7 young (7168K), 7 survivors (7168K)
 Metaspace       used 121964K, committed 122816K, reserved 1179648K
  class space    used 16982K, committed 17408K, reserved 1048576K
}
Event: 51.707 GC heap before
{Heap before GC invocations=77 (full 0):
 garbage-first heap   total 309248K, used 246203K [0x0000000080000000, 0x0000000100000000)
  region size 1024K, 34 young (34816K), 7 survivors (7168K)
 Metaspace       used 122205K, committed 123072K, reserved 1179648K
  class space    used 16998K, committed 17408K, reserved 1048576K
}

