# JRE version: OpenJDK Runtime Environment (17.0.7) (build 17.0.7+0-b2043.56-10550314)
# Java VM: OpenJDK 64-Bit Server VM (17.0.7+0-b2043.56-10550314, mixed mode, tiered, compressed oops, compressed class ptrs, g1 gc, windows-amd64)
GC Precious Log:
 CPUs: 8 total, 8 available
 Memory: 7995M
 Large Page Support: Disabled
 NUMA Support: Disabled
 Compressed Oops: Enabled (32-bit)
 Heap Region Size: 1M
 Heap Min Capacity: 8M
 Heap Initial Capacity: 126M
 Heap Max Capacity: 2G
 Pre-touch: Disabled
 Parallel Workers: 8
 Concurrent Workers: 2
 Concurrent Refinement Workers: 8
 Periodic GC: Disabled
Heap:
 garbage-first heap   total 304128K, used 223761K [0x0000000080000000, 0x0000000100000000)
  region size 1024K, 4 young (4096K), 4 survivors (4096K)
 Metaspace       used 122219K, committed 123008K, reserved 1179648K
  class space    used 17003K, committed 17408K, reserved 1048576K
GC Heap History (20 events):
Event: 23.392 GC heap after
{Heap after GC invocations=54 (full 0):
 garbage-first heap   total 218112K, used 106798K [0x0000000080000000, 0x0000000100000000)
  region size 1024K, 4 young (4096K), 4 survivors (4096K)
 Metaspace       used 100789K, committed 101440K, reserved 1179648K
  class space    used 13793K, committed 14080K, reserved 1048576K
}
Event: 24.375 GC heap before
{Heap before GC invocations=54 (full 0):
 garbage-first heap   total 218112K, used 172334K [0x0000000080000000, 0x0000000100000000)
  region size 1024K, 69 young (70656K), 4 survivors (4096K)
 Metaspace       used 101713K, committed 102464K, reserved 1179648K
  class space    used 13879K, committed 14272K, reserved 1048576K
}
Event: 24.382 GC heap after
{Heap after GC invocations=55 (full 0):
 garbage-first heap   total 218112K, used 111887K [0x0000000080000000, 0x0000000100000000)
  region size 1024K, 9 young (9216K), 9 survivors (9216K)
 Metaspace       used 101713K, committed 102464K, reserved 1179648K
  class space    used 13879K, committed 14272K, reserved 1048576K
}
Event: 26.136 GC heap before
{Heap before GC invocations=55 (full 0):
 garbage-first heap   total 218112K, used 172303K [0x0000000080000000, 0x0000000100000000)
  region size 1024K, 69 young (70656K), 9 survivors (9216K)
 Metaspace       used 104931K, committed 105664K, reserved 1179648K
  class space    used 14289K, committed 14656K, reserved 1048576K
}
Event: 26.149 GC heap after
{Heap after GC invocations=56 (full 0):
 garbage-first heap   total 218112K, used 116894K [0x0000000080000000, 0x0000000100000000)
  region size 1024K, 6 young (6144K), 6 survivors (6144K)
 Metaspace       used 104931K, committed 105664K, reserved 1179648K
  class space    used 14289K, committed 14656K, reserved 1048576K
}
Event: 29.580 GC heap before
{Heap before GC invocations=56 (full 0):
 garbage-first heap   total 218112K, used 175262K [0x0000000080000000, 0x0000000100000000)
  region size 1024K, 64 young (65536K), 6 survivors (6144K)
 Metaspace       used 107221K, committed 107968K, reserved 1179648K
  class space    used 14639K, committed 15040K, reserved 1048576K
}
Event: 29.588 GC heap after
{Heap after GC invocations=57 (full 0):
 garbage-first heap   total 218112K, used 120676K [0x0000000080000000, 0x0000000100000000)
  region size 1024K, 4 young (4096K), 4 survivors (4096K)
 Metaspace       used 107221K, committed 107968K, reserved 1179648K
  class space    used 14639K, committed 15040K, reserved 1048576K
}
Event: 30.944 GC heap before
{Heap before GC invocations=57 (full 0):
 garbage-first heap   total 218112K, used 179044K [0x0000000080000000, 0x0000000100000000)
  region size 1024K, 62 young (63488K), 4 survivors (4096K)
 Metaspace       used 115139K, committed 115968K, reserved 1179648K
  class space    used 15735K, committed 16192K, reserved 1048576K
}
Event: 30.951 GC heap after
{Heap after GC invocations=58 (full 0):
 garbage-first heap   total 218112K, used 121727K [0x0000000080000000, 0x0000000100000000)
  region size 1024K, 5 young (5120K), 5 survivors (5120K)
 Metaspace       used 115139K, committed 115968K, reserved 1179648K
  class space    used 15735K, committed 16192K, reserved 1048576K
}
Event: 32.107 GC heap before
{Heap before GC invocations=58 (full 0):
 garbage-first heap   total 218112K, used 173951K [0x0000000080000000, 0x0000000100000000)
  region size 1024K, 45 young (46080K), 5 survivors (5120K)
 Metaspace       used 120452K, committed 121280K, reserved 1179648K
  class space    used 16647K, committed 17088K, reserved 1048576K
}
Event: 32.114 GC heap after
{Heap after GC invocations=59 (full 0):
 garbage-first heap   total 218112K, used 137049K [0x0000000080000000, 0x0000000100000000)
  region size 1024K, 4 young (4096K), 4 survivors (4096K)
 Metaspace       used 120452K, committed 121280K, reserved 1179648K
  class space    used 16647K, committed 17088K, reserved 1048576K
}
Event: 32.424 GC heap before
{Heap before GC invocations=60 (full 0):
 garbage-first heap   total 304128K, used 210777K [0x0000000080000000, 0x0000000100000000)
  region size 1024K, 46 young (47104K), 4 survivors (4096K)
 Metaspace       used 120527K, committed 121344K, reserved 1179648K
  class space    used 16651K, committed 17088K, reserved 1048576K
}
Event: 32.444 GC heap after
{Heap after GC invocations=61 (full 0):
 garbage-first heap   total 304128K, used 163138K [0x0000000080000000, 0x0000000100000000)
  region size 1024K, 6 young (6144K), 6 survivors (6144K)
 Metaspace       used 120527K, committed 121344K, reserved 1179648K
  class space    used 16651K, committed 17088K, reserved 1048576K
}
Event: 32.491 GC heap before
{Heap before GC invocations=61 (full 0):
 garbage-first heap   total 304128K, used 171330K [0x0000000080000000, 0x0000000100000000)
  region size 1024K, 14 young (14336K), 6 survivors (6144K)
 Metaspace       used 120611K, committed 121472K, reserved 1179648K
  class space    used 16684K, committed 17088K, reserved 1048576K
}
Event: 32.503 GC heap after
{Heap after GC invocations=62 (full 0):
 garbage-first heap   total 304128K, used 165739K [0x0000000080000000, 0x0000000100000000)
  region size 1024K, 2 young (2048K), 2 survivors (2048K)
 Metaspace       used 120611K, committed 121472K, reserved 1179648K
  class space    used 16684K, committed 17088K, reserved 1048576K
}
Event: 33.024 GC heap before
{Heap before GC invocations=62 (full 0):
 garbage-first heap   total 304128K, used 230251K [0x0000000080000000, 0x0000000100000000)
  region size 1024K, 66 young (67584K), 2 survivors (2048K)
 Metaspace       used 121957K, committed 122752K, reserved 1179648K
  class space    used 16981K, committed 17408K, reserved 1048576K
}
Event: 33.057 GC heap after
{Heap after GC invocations=63 (full 0):
 garbage-first heap   total 304128K, used 195584K [0x0000000080000000, 0x0000000100000000)
  region size 1024K, 9 young (9216K), 9 survivors (9216K)
 Metaspace       used 121957K, committed 122752K, reserved 1179648K
  class space    used 16981K, committed 17408K, reserved 1048576K
}
Event: 33.304 GC heap before
{Heap before GC invocations=63 (full 0):
 garbage-first heap   total 304128K, used 239616K [0x0000000080000000, 0x0000000100000000)
  region size 1024K, 50 young (51200K), 9 survivors (9216K)
 Metaspace       used 122103K, committed 122944K, reserved 1179648K
  class space    used 16996K, committed 17408K, reserved 1048576K
}
Event: 33.336 GC heap after
{Heap after GC invocations=64 (full 0):
 garbage-first heap   total 304128K, used 218112K [0x0000000080000000, 0x0000000100000000)
  region size 1024K, 7 young (7168K), 7 survivors (7168K)
 Metaspace       used 122103K, committed 122944K, reserved 1179648K
  class space    used 16996K, committed 17408K, reserved 1048576K
}
Event: 33.541 GC heap before
{Heap before GC invocations=64 (full 0):
 garbage-first heap   total 304128K, used 245760K [0x0000000080000000, 0x0000000100000000)
  region size 1024K, 34 young (34816K), 7 survivors (7168K)
 Metaspace       used 122219K, committed 123008K, reserved 1179648K
  class space    used 17003K, committed 17408K, reserved 1048576K
}

