# JRE version: OpenJDK Runtime Environment (17.0.7) (build 17.0.7+0-b2043.56-10550314)
# Java VM: OpenJDK 64-Bit Server VM (17.0.7+0-b2043.56-10550314, mixed mode, tiered, compressed oops, compressed class ptrs, g1 gc, windows-amd64)
GC Precious Log:
 CPUs: 8 total, 8 available
 Memory: 7995M
 Large Page Support: Disabled
 NUMA Support: Disabled
 Compressed Oops: Enabled (32-bit)
 Heap Region Size: 1M
 Heap Min Capacity: 8M
 Heap Initial Capacity: 126M
 Heap Max Capacity: 2G
 Pre-touch: Disabled
 Parallel Workers: 8
 Concurrent Workers: 2
 Concurrent Refinement Workers: 8
 Periodic GC: Disabled
Heap:
 garbage-first heap   total 446464K, used 387524K [0x0000000080000000, 0x0000000100000000)
  region size 1024K, 3 young (3072K), 3 survivors (3072K)
 Metaspace       used 138655K, committed 139776K, reserved 1179648K
  class space    used 18644K, committed 19200K, reserved 1048576K
GC Heap History (20 events):
Event: 218.646 GC heap after
{Heap after GC invocations=59 (full 0):
 garbage-first heap   total 446464K, used 267764K [0x0000000080000000, 0x0000000100000000)
  region size 1024K, 11 young (11264K), 11 survivors (11264K)
 Metaspace       used 128772K, committed 129664K, reserved 1179648K
  class space    used 17351K, committed 17792K, reserved 1048576K
}
Event: 299.840 GC heap before
{Heap before GC invocations=59 (full 0):
 garbage-first heap   total 446464K, used 388596K [0x0000000080000000, 0x0000000100000000)
  region size 1024K, 113 young (115712K), 11 survivors (11264K)
 Metaspace       used 129387K, committed 130304K, reserved 1179648K
  class space    used 17389K, committed 17856K, reserved 1048576K
}
Event: 299.853 GC heap after
{Heap after GC invocations=60 (full 0):
 garbage-first heap   total 446464K, used 272179K [0x0000000080000000, 0x0000000100000000)
  region size 1024K, 9 young (9216K), 9 survivors (9216K)
 Metaspace       used 129387K, committed 130304K, reserved 1179648K
  class space    used 17389K, committed 17856K, reserved 1048576K
}
Event: 301.734 GC heap before
{Heap before GC invocations=60 (full 0):
 garbage-first heap   total 446464K, used 394035K [0x0000000080000000, 0x0000000100000000)
  region size 1024K, 110 young (112640K), 9 survivors (9216K)
 Metaspace       used 129806K, committed 130752K, reserved 1179648K
  class space    used 17415K, committed 17920K, reserved 1048576K
}
Event: 301.748 GC heap after
{Heap after GC invocations=61 (full 0):
 garbage-first heap   total 446464K, used 280412K [0x0000000080000000, 0x0000000100000000)
  region size 1024K, 14 young (14336K), 14 survivors (14336K)
 Metaspace       used 129806K, committed 130752K, reserved 1179648K
  class space    used 17415K, committed 17920K, reserved 1048576K
}
Event: 433.558 GC heap before
{Heap before GC invocations=61 (full 0):
 garbage-first heap   total 446464K, used 393052K [0x0000000080000000, 0x0000000100000000)
  region size 1024K, 108 young (110592K), 14 survivors (14336K)
 Metaspace       used 130213K, committed 131200K, reserved 1179648K
  class space    used 17441K, committed 17920K, reserved 1048576K
}
Event: 433.571 GC heap after
{Heap after GC invocations=62 (full 0):
 garbage-first heap   total 446464K, used 283249K [0x0000000080000000, 0x0000000100000000)
  region size 1024K, 9 young (9216K), 9 survivors (9216K)
 Metaspace       used 130213K, committed 131200K, reserved 1179648K
  class space    used 17441K, committed 17920K, reserved 1048576K
}
Event: 447.787 GC heap before
{Heap before GC invocations=62 (full 0):
 garbage-first heap   total 446464K, used 376433K [0x0000000080000000, 0x0000000100000000)
  region size 1024K, 101 young (103424K), 9 survivors (9216K)
 Metaspace       used 138632K, committed 139712K, reserved 1179648K
  class space    used 18643K, committed 19200K, reserved 1048576K
}
Event: 447.819 GC heap after
{Heap after GC invocations=63 (full 0):
 garbage-first heap   total 446464K, used 288695K [0x0000000080000000, 0x0000000100000000)
  region size 1024K, 7 young (7168K), 7 survivors (7168K)
 Metaspace       used 138632K, committed 139712K, reserved 1179648K
  class space    used 18643K, committed 19200K, reserved 1048576K
}
Event: 448.181 GC heap before
{Heap before GC invocations=63 (full 0):
 garbage-first heap   total 446464K, used 321463K [0x0000000080000000, 0x0000000100000000)
  region size 1024K, 11 young (11264K), 7 survivors (7168K)
 Metaspace       used 138641K, committed 139712K, reserved 1179648K
  class space    used 18644K, committed 19200K, reserved 1048576K
}
Event: 448.189 GC heap after
{Heap after GC invocations=64 (full 0):
 garbage-first heap   total 446464K, used 320751K [0x0000000080000000, 0x0000000100000000)
  region size 1024K, 8 young (8192K), 8 survivors (8192K)
 Metaspace       used 138641K, committed 139712K, reserved 1179648K
  class space    used 18644K, committed 19200K, reserved 1048576K
}
Event: 448.430 GC heap before
{Heap before GC invocations=64 (full 0):
 garbage-first heap   total 446464K, used 397551K [0x0000000080000000, 0x0000000100000000)
  region size 1024K, 70 young (71680K), 8 survivors (8192K)
 Metaspace       used 138645K, committed 139712K, reserved 1179648K
  class space    used 18644K, committed 19200K, reserved 1048576K
}
Event: 448.455 GC heap after
{Heap after GC invocations=65 (full 0):
 garbage-first heap   total 446464K, used 337486K [0x0000000080000000, 0x0000000100000000)
  region size 1024K, 9 young (9216K), 9 survivors (9216K)
 Metaspace       used 138645K, committed 139712K, reserved 1179648K
  class space    used 18644K, committed 19200K, reserved 1048576K
}
Event: 448.674 GC heap before
{Heap before GC invocations=65 (full 0):
 garbage-first heap   total 446464K, used 377422K [0x0000000080000000, 0x0000000100000000)
  region size 1024K, 48 young (49152K), 9 survivors (9216K)
 Metaspace       used 138645K, committed 139712K, reserved 1179648K
  class space    used 18644K, committed 19200K, reserved 1048576K
}
Event: 448.701 GC heap after
{Heap after GC invocations=66 (full 0):
 garbage-first heap   total 446464K, used 359192K [0x0000000080000000, 0x0000000100000000)
  region size 1024K, 6 young (6144K), 6 survivors (6144K)
 Metaspace       used 138645K, committed 139712K, reserved 1179648K
  class space    used 18644K, committed 19200K, reserved 1048576K
}
Event: 448.793 GC heap before
{Heap before GC invocations=66 (full 0):
 garbage-first heap   total 446464K, used 381720K [0x0000000080000000, 0x0000000100000000)
  region size 1024K, 27 young (27648K), 6 survivors (6144K)
 Metaspace       used 138647K, committed 139776K, reserved 1179648K
  class space    used 18644K, committed 19200K, reserved 1048576K
}
Event: 448.810 GC heap after
{Heap after GC invocations=67 (full 0):
 garbage-first heap   total 446464K, used 373759K [0x0000000080000000, 0x0000000100000000)
  region size 1024K, 4 young (4096K), 4 survivors (4096K)
 Metaspace       used 138647K, committed 139776K, reserved 1179648K
  class space    used 18644K, committed 19200K, reserved 1048576K
}
Event: 448.913 GC heap before
{Heap before GC invocations=67 (full 0):
 garbage-first heap   total 446464K, used 391167K [0x0000000080000000, 0x0000000100000000)
  region size 1024K, 21 young (21504K), 4 survivors (4096K)
 Metaspace       used 138647K, committed 139776K, reserved 1179648K
  class space    used 18644K, committed 19200K, reserved 1048576K
}
Event: 448.936 GC heap after
{Heap after GC invocations=68 (full 0):
 garbage-first heap   total 446464K, used 384000K [0x0000000080000000, 0x0000000100000000)
  region size 1024K, 3 young (3072K), 3 survivors (3072K)
 Metaspace       used 138647K, committed 139776K, reserved 1179648K
  class space    used 18644K, committed 19200K, reserved 1048576K
}
Event: 449.085 GC heap before
{Heap before GC invocations=68 (full 0):
 garbage-first heap   total 446464K, used 402432K [0x0000000080000000, 0x0000000100000000)
  region size 1024K, 21 young (21504K), 3 survivors (3072K)
 Metaspace       used 138655K, committed 139776K, reserved 1179648K
  class space    used 18644K, committed 19200K, reserved 1048576K
}

