# JRE version: OpenJDK Runtime Environment (17.0.7) (build 17.0.7+0-b2043.56-10550314)
# Java VM: OpenJDK 64-Bit Server VM (17.0.7+0-b2043.56-10550314, mixed mode, tiered, compressed oops, compressed class ptrs, g1 gc, windows-amd64)
GC Precious Log:
 CPUs: 8 total, 8 available
 Memory: 7995M
 Large Page Support: Disabled
 NUMA Support: Disabled
 Compressed Oops: Enabled (32-bit)
 Heap Region Size: 1M
 Heap Min Capacity: 8M
 Heap Initial Capacity: 126M
 Heap Max Capacity: 2G
 Pre-touch: Disabled
 Parallel Workers: 8
 Concurrent Workers: 2
 Concurrent Refinement Workers: 8
 Periodic GC: Disabled
Heap:
 garbage-first heap   total 257024K, used 203633K [0x0000000080000000, 0x0000000100000000)
  region size 1024K, 3 young (3072K), 3 survivors (3072K)
 Metaspace       used 136917K, committed 137920K, reserved 1179648K
  class space    used 18425K, committed 18944K, reserved 1048576K
GC Heap History (20 events):
Event: 73.776 GC heap after
{Heap after GC invocations=47 (full 0):
 garbage-first heap   total 257024K, used 154495K [0x0000000080000000, 0x0000000100000000)
  region size 1024K, 9 young (9216K), 9 survivors (9216K)
 Metaspace       used 119118K, committed 119936K, reserved 1179648K
  class space    used 15780K, committed 16192K, reserved 1048576K
}
Event: 113.118 GC heap before
{Heap before GC invocations=47 (full 0):
 garbage-first heap   total 257024K, used 209791K [0x0000000080000000, 0x0000000100000000)
  region size 1024K, 64 young (65536K), 9 survivors (9216K)
 Metaspace       used 119444K, committed 120384K, reserved 1179648K
  class space    used 15798K, committed 16256K, reserved 1048576K
}
Event: 113.131 GC heap after
{Heap after GC invocations=48 (full 0):
 garbage-first heap   total 257024K, used 158230K [0x0000000080000000, 0x0000000100000000)
  region size 1024K, 5 young (5120K), 5 survivors (5120K)
 Metaspace       used 119444K, committed 120384K, reserved 1179648K
  class space    used 15798K, committed 16256K, reserved 1048576K
}
Event: 119.299 GC heap before
{Heap before GC invocations=48 (full 0):
 garbage-first heap   total 257024K, used 211478K [0x0000000080000000, 0x0000000100000000)
  region size 1024K, 58 young (59392K), 5 survivors (5120K)
 Metaspace       used 120894K, committed 121792K, reserved 1179648K
  class space    used 15980K, committed 16448K, reserved 1048576K
}
Event: 119.308 GC heap after
{Heap after GC invocations=49 (full 0):
 garbage-first heap   total 257024K, used 163466K [0x0000000080000000, 0x0000000100000000)
  region size 1024K, 8 young (8192K), 8 survivors (8192K)
 Metaspace       used 120894K, committed 121792K, reserved 1179648K
  class space    used 15980K, committed 16448K, reserved 1048576K
}
Event: 121.394 GC heap before
{Heap before GC invocations=49 (full 0):
 garbage-first heap   total 257024K, used 214666K [0x0000000080000000, 0x0000000100000000)
  region size 1024K, 57 young (58368K), 8 survivors (8192K)
 Metaspace       used 125383K, committed 126336K, reserved 1179648K
  class space    used 16647K, committed 17152K, reserved 1048576K
}
Event: 121.404 GC heap after
{Heap after GC invocations=50 (full 0):
 garbage-first heap   total 257024K, used 167229K [0x0000000080000000, 0x0000000100000000)
  region size 1024K, 4 young (4096K), 4 survivors (4096K)
 Metaspace       used 125383K, committed 126336K, reserved 1179648K
  class space    used 16647K, committed 17152K, reserved 1048576K
}
Event: 121.801 GC heap before
{Heap before GC invocations=50 (full 0):
 garbage-first heap   total 257024K, used 214333K [0x0000000080000000, 0x0000000100000000)
  region size 1024K, 51 young (52224K), 4 survivors (4096K)
 Metaspace       used 129787K, committed 130752K, reserved 1179648K
  class space    used 17365K, committed 17856K, reserved 1048576K
}
Event: 121.811 GC heap after
{Heap after GC invocations=51 (full 0):
 garbage-first heap   total 257024K, used 174080K [0x0000000080000000, 0x0000000100000000)
  region size 1024K, 7 young (7168K), 7 survivors (7168K)
 Metaspace       used 129787K, committed 130752K, reserved 1179648K
  class space    used 17365K, committed 17856K, reserved 1048576K
}
Event: 122.180 GC heap before
{Heap before GC invocations=51 (full 0):
 garbage-first heap   total 257024K, used 215040K [0x0000000080000000, 0x0000000100000000)
  region size 1024K, 48 young (49152K), 7 survivors (7168K)
 Metaspace       used 133799K, committed 134784K, reserved 1179648K
  class space    used 17983K, committed 18496K, reserved 1048576K
}
Event: 122.191 GC heap after
{Heap after GC invocations=52 (full 0):
 garbage-first heap   total 257024K, used 177500K [0x0000000080000000, 0x0000000100000000)
  region size 1024K, 4 young (4096K), 4 survivors (4096K)
 Metaspace       used 133799K, committed 134784K, reserved 1179648K
  class space    used 17983K, committed 18496K, reserved 1048576K
}
Event: 122.443 GC heap before
{Heap before GC invocations=52 (full 0):
 garbage-first heap   total 257024K, used 215388K [0x0000000080000000, 0x0000000100000000)
  region size 1024K, 42 young (43008K), 4 survivors (4096K)
 Metaspace       used 135876K, committed 136832K, reserved 1179648K
  class space    used 18263K, committed 18752K, reserved 1048576K
}
Event: 122.447 GC heap after
{Heap after GC invocations=53 (full 0):
 garbage-first heap   total 257024K, used 178036K [0x0000000080000000, 0x0000000100000000)
  region size 1024K, 4 young (4096K), 4 survivors (4096K)
 Metaspace       used 135876K, committed 136832K, reserved 1179648K
  class space    used 18263K, committed 18752K, reserved 1048576K
}
Event: 123.176 GC heap before
{Heap before GC invocations=53 (full 0):
 garbage-first heap   total 257024K, used 208756K [0x0000000080000000, 0x0000000100000000)
  region size 1024K, 22 young (22528K), 4 survivors (4096K)
 Metaspace       used 136842K, committed 137792K, reserved 1179648K
  class space    used 18420K, committed 18880K, reserved 1048576K
}
Event: 123.179 GC heap after
{Heap after GC invocations=54 (full 0):
 garbage-first heap   total 257024K, used 190661K [0x0000000080000000, 0x0000000100000000)
  region size 1024K, 3 young (3072K), 3 survivors (3072K)
 Metaspace       used 136842K, committed 137792K, reserved 1179648K
  class space    used 18420K, committed 18880K, reserved 1048576K
}
Event: 123.181 GC heap before
{Heap before GC invocations=54 (full 0):
 garbage-first heap   total 257024K, used 198853K [0x0000000080000000, 0x0000000100000000)
  region size 1024K, 3 young (3072K), 3 survivors (3072K)
 Metaspace       used 136842K, committed 137792K, reserved 1179648K
  class space    used 18420K, committed 18880K, reserved 1048576K
}
Event: 123.183 GC heap after
{Heap after GC invocations=55 (full 0):
 garbage-first heap   total 257024K, used 198666K [0x0000000080000000, 0x0000000100000000)
  region size 1024K, 3 young (3072K), 3 survivors (3072K)
 Metaspace       used 136842K, committed 137792K, reserved 1179648K
  class space    used 18420K, committed 18880K, reserved 1048576K
}
Event: 123.184 GC heap before
{Heap before GC invocations=55 (full 0):
 garbage-first heap   total 257024K, used 207882K [0x0000000080000000, 0x0000000100000000)
  region size 1024K, 4 young (4096K), 3 survivors (3072K)
 Metaspace       used 136842K, committed 137792K, reserved 1179648K
  class space    used 18420K, committed 18880K, reserved 1048576K
}
Event: 123.187 GC heap after
{Heap after GC invocations=56 (full 0):
 garbage-first heap   total 257024K, used 207898K [0x0000000080000000, 0x0000000100000000)
  region size 1024K, 2 young (2048K), 2 survivors (2048K)
 Metaspace       used 136842K, committed 137792K, reserved 1179648K
  class space    used 18420K, committed 18880K, reserved 1048576K
}
Event: 123.292 GC heap before
{Heap before GC invocations=56 (full 0):
 garbage-first heap   total 257024K, used 233498K [0x0000000080000000, 0x0000000100000000)
  region size 1024K, 18 young (18432K), 2 survivors (2048K)
 Metaspace       used 136917K, committed 137920K, reserved 1179648K
  class space    used 18425K, committed 18944K, reserved 1048576K
}

